#logmass conc
# cM relation at z = 0.43 for: 
# Omega_m h^2 = 0.153900
# Omega_b h^2 = 0.023100
# ns = 0.946800
# w = -0.816000
# sigma8 = 0.816100
# H0 implied by CMB constraints = 0.597363
# log10(M)   c 
12.380200 6.359208
12.406700 6.325567
12.433100 6.292105
12.459600 6.258820
12.486100 6.225714
12.512500 6.192780
12.539000 6.160022
12.565400 6.127438
12.591900 6.095026
12.618400 6.062787
12.644800 6.030718
12.671300 5.998819
12.697800 5.967090
12.724200 5.935528
12.750700 5.904136
12.777100 5.872909
12.803600 5.841846
12.830100 5.810948
12.856500 5.780214
12.883000 5.749645
12.909500 5.719235
12.935900 5.688990
12.962400 5.658901
12.988800 5.628974
13.015300 5.599204
13.041800 5.569592
13.068200 5.540138
13.094700 5.510840
13.121200 5.481697
13.147600 5.452707
13.174100 5.423873
13.200500 5.395191
13.227000 5.366659
13.253500 5.338280
13.279900 5.310051
13.306400 5.281971
13.332900 5.254040
13.359300 5.226258
13.385800 5.198622
13.412200 5.171131
13.438700 5.143788
13.465200 5.116587
13.491600 5.089533
13.518100 5.062622
13.544600 5.035852
13.571000 5.009224
13.597500 4.982737
13.623900 4.956388
13.650400 4.930182
13.676900 4.904115
13.703300 4.878183
13.729800 4.852389
13.756300 4.826733
13.782700 4.801212
13.809200 4.775825
13.835600 4.750575
13.862100 4.725456
13.888600 4.700469
13.915000 4.675618
13.941500 4.650896
13.968000 4.626306
13.994400 4.601844
14.020900 4.577512
14.047300 4.553309
14.073800 4.529235
14.100300 4.505287
14.126700 4.481466
14.153200 4.457772
14.179700 4.434202
14.206100 4.410758
14.232600 4.387437
14.259000 4.364239
14.285500 4.341165
14.312000 4.318210
14.338400 4.295379
14.364900 4.272668
14.391400 4.250077
14.417800 4.227605
14.444300 4.205252
14.470700 4.183018
14.497200 4.160901
14.523700 4.138900
14.550100 4.117017
14.576600 4.095247
14.603100 4.073595
14.629500 4.052055
14.656000 4.030630
14.682500 4.009318
14.708900 3.988118
14.735400 3.967032
14.761800 3.946054
14.788300 3.925191
14.814800 3.904435
14.841200 3.883790
14.867700 3.863254
14.894100 3.842826
14.920600 3.822506
14.947100 3.802293
14.973500 3.782187
15.000000 3.762188
